[handleMsg]:  {
  key: {
    remoteJid: '5213313870710@s.whatsapp.net',
    fromMe: false,
    id: '3AC2560D1A8932C14253',
    participant: undefined
  },
  messageTimestamp: 1714099707,
  pushName: 'Ana karen',
  broadcast: false,
  message: Message {
    stickerMessage: StickerMessage {
      url: 'https://mmg.whatsapp.net/v/t62.15575-24/30692011_996503548565143_5683983908353637501_n.enc?ccb=11-4&oh=01_Q5AaIKWCxnHK0JFbWK57gn0saFC_OXUgKm8KCTd8QOJR0D6E&oe=66529995&_nc_sid=5e03e0&mms3=true',
      fileSha256: [Uint8Array],
      fileEncSha256: [Uint8Array],
      mediaKey: [Uint8Array],
      mimetype: 'image/webp',
      height: 512,
      width: 512,
      directPath: '/v/t62.15575-24/30692011_996503548565143_5683983908353637501_n.enc?ccb=11-4&oh=01_Q5AaIKWCxnHK0JFbWK57gn0saFC_OXUgKm8KCTd8QOJR0D6E&oe=66529995&_nc_sid=5e03e0',
      fileLength: [Long],
      mediaKeyTimestamp: [Long],
      isAnimated: false,
      contextInfo: [ContextInfo],
      stickerSentTs: [Long],
      isAvatar: false
    },
    messageContextInfo: MessageContextInfo {
      deviceListMetadata: [DeviceListMetadata],
      deviceListMetadataVersion: 2
    }
  },
  body: '_event_media__f066cf35-97d8-4a8f-bdcf-777525045ea0',
  from: '5213313870710'
}
